<?xml version="1.0" encoding="windows-1252" standalone="no"?>
<!DOCTYPE log SYSTEM "logger.dtd">
<log>
<record>
  <date>2020-10-15T08:02:07.696499700Z</date>
  <millis>1602748927696</millis>
  <nanos>499700</nanos>
  <sequence>2</sequence>
  <logger>log</logger>
  <level>INFO</level>
  <class>com.training.org.BeforeAdvice</class>
  <method>before</method>
  <thread>1</thread>
  <message>before Advice</message>
</record>
<record>
  <date>2020-10-15T08:02:07.797501800Z</date>
  <millis>1602748927797</millis>
  <nanos>501800</nanos>
  <sequence>3</sequence>
  <logger>log</logger>
  <level>INFO</level>
  <class>com.training.org.AfterAdvice</class>
  <method>afterReturning</method>
  <thread>1</thread>
  <message>before Advice</message>
</record>
</log>
